
AVRASM ver. 2.1.30  E:\projectsss\44\Debug\List\4.asm Tue Jun 29 19:33:25 2021

E:\projectsss\44\Debug\List\4.asm(1088): warning: Register r4 already defined by the .DEF directive
E:\projectsss\44\Debug\List\4.asm(1089): warning: Register r5 already defined by the .DEF directive
E:\projectsss\44\Debug\List\4.asm(1090): warning: Register r6 already defined by the .DEF directive
E:\projectsss\44\Debug\List\4.asm(1091): warning: Register r7 already defined by the .DEF directive
                 
                 
                 ;CodeVisionAVR C Compiler V3.12 Advanced
                 ;(C) Copyright 1998-2014 Pavel Haiduc, HP InfoTech s.r.l.
                 ;http://www.hpinfotech.com
                 
                 ;Build configuration    : Debug
                 ;Chip type              : ATmega32
                 ;Program type           : Application
                 ;Clock frequency        : 1/000000 MHz
                 ;Memory model           : Small
                 ;Optimize for           : Size
                 ;(s)printf features     : int, width
                 ;(s)scanf features      : int, width
                 ;External RAM size      : 0
                 ;Data Stack size        : 512 byte(s)
                 ;Heap size              : 0 byte(s)
                 ;Promote 'char' to 'int': Yes
                 ;'char' is unsigned     : Yes
                 ;8 bit enums            : Yes
                 ;Global 'const' stored in FLASH: Yes
                 ;Enhanced function parameter passing: Yes
                 ;Enhanced core instructions: On
                 ;Automatic register allocation for global variables: On
                 ;Smart register allocation: On
                 
                 	#define _MODEL_SMALL_
                 
                 	#pragma AVRPART ADMIN PART_NAME ATmega32
                 	#pragma AVRPART MEMORY PROG_FLASH 32768
                 	#pragma AVRPART MEMORY EEPROM 1024
                 	#pragma AVRPART MEMORY INT_SRAM SIZE 2048
                 	#pragma AVRPART MEMORY INT_SRAM START_ADDR 0x60
                 
                 	#define CALL_SUPPORTED 1
                 
                 	.LISTMAC
                 	.EQU UDRE=0x5
                 	.EQU RXC=0x7
                 	.EQU USR=0xB
                 	.EQU UDR=0xC
                 	.EQU SPSR=0xE
                 	.EQU SPDR=0xF
                 	.EQU EERE=0x0
                 	.EQU EEWE=0x1
                 	.EQU EEMWE=0x2
                 	.EQU EECR=0x1C
                 	.EQU EEDR=0x1D
                 	.EQU EEARL=0x1E
                 	.EQU EEARH=0x1F
                 	.EQU WDTCR=0x21
                 	.EQU MCUCR=0x35
                 	.EQU GICR=0x3B
                 	.EQU SPL=0x3D
                 	.EQU SPH=0x3E
                 	.EQU SREG=0x3F
                 
                 	.DEF R0X0=R0
                 	.DEF R0X1=R1
                 	.DEF R0X2=R2
                 	.DEF R0X3=R3
                 	.DEF R0X4=R4
                 	.DEF R0X5=R5
                 	.DEF R0X6=R6
                 	.DEF R0X7=R7
                 	.DEF R0X8=R8
                 	.DEF R0X9=R9
                 	.DEF R0XA=R10
                 	.DEF R0XB=R11
                 	.DEF R0XC=R12
                 	.DEF R0XD=R13
                 	.DEF R0XE=R14
                 	.DEF R0XF=R15
                 	.DEF R0X10=R16
                 	.DEF R0X11=R17
                 	.DEF R0X12=R18
                 	.DEF R0X13=R19
                 	.DEF R0X14=R20
                 	.DEF R0X15=R21
                 	.DEF R0X16=R22
                 	.DEF R0X17=R23
                 	.DEF R0X18=R24
                 	.DEF R0X19=R25
                 	.DEF R0X1A=R26
                 	.DEF R0X1B=R27
                 	.DEF R0X1C=R28
                 	.DEF R0X1D=R29
                 	.DEF R0X1E=R30
                 	.DEF R0X1F=R31
                 
                 	.EQU __SRAM_START=0x0060
                 	.EQU __SRAM_END=0x085F
                 	.EQU __DSTACK_SIZE=0x0200
                 	.EQU __HEAP_SIZE=0x0000
                 	.EQU __CLEAR_SRAM_SIZE=__SRAM_END-__SRAM_START+1
                 
                 	.MACRO __CPD1N
                 	CPI  R30,LOW(@0)
                 	LDI  R26,HIGH(@0)
                 	CPC  R31,R26
                 	LDI  R26,BYTE3(@0)
                 	CPC  R22,R26
                 	LDI  R26,BYTE4(@0)
                 	CPC  R23,R26
                 	.ENDM
                 
                 	.MACRO __CPD2N
                 	CPI  R26,LOW(@0)
                 	LDI  R30,HIGH(@0)
                 	CPC  R27,R30
                 	LDI  R30,BYTE3(@0)
                 	CPC  R24,R30
                 	LDI  R30,BYTE4(@0)
                 	CPC  R25,R30
                 	.ENDM
                 
                 	.MACRO __CPWRR
                 	CP   R@0,R@2
                 	CPC  R@1,R@3
                 	.ENDM
                 
                 	.MACRO __CPWRN
                 	CPI  R@0,LOW(@2)
                 	LDI  R30,HIGH(@2)
                 	CPC  R@1,R30
                 	.ENDM
                 
                 	.MACRO __ADDB1MN
                 	SUBI R30,LOW(-@0-(@1))
                 	.ENDM
                 
                 	.MACRO __ADDB2MN
                 	SUBI R26,LOW(-@0-(@1))
                 	.ENDM
                 
                 	.MACRO __ADDW1MN
                 	SUBI R30,LOW(-@0-(@1))
                 	SBCI R31,HIGH(-@0-(@1))
                 	.ENDM
                 
                 	.MACRO __ADDW2MN
                 	SUBI R26,LOW(-@0-(@1))
                 	SBCI R27,HIGH(-@0-(@1))
                 	.ENDM
                 
                 	.MACRO __ADDW1FN
                 	SUBI R30,LOW(-2*@0-(@1))
                 	SBCI R31,HIGH(-2*@0-(@1))
                 	.ENDM
                 
                 	.MACRO __ADDD1FN
                 	SUBI R30,LOW(-2*@0-(@1))
                 	SBCI R31,HIGH(-2*@0-(@1))
                 	SBCI R22,BYTE3(-2*@0-(@1))
                 	.ENDM
                 
                 	.MACRO __ADDD1N
                 	SUBI R30,LOW(-@0)
                 	SBCI R31,HIGH(-@0)
                 	SBCI R22,BYTE3(-@0)
                 	SBCI R23,BYTE4(-@0)
                 	.ENDM
                 
                 	.MACRO __ADDD2N
                 	SUBI R26,LOW(-@0)
                 	SBCI R27,HIGH(-@0)
                 	SBCI R24,BYTE3(-@0)
                 	SBCI R25,BYTE4(-@0)
                 	.ENDM
                 
                 	.MACRO __SUBD1N
                 	SUBI R30,LOW(@0)
                 	SBCI R31,HIGH(@0)
                 	SBCI R22,BYTE3(@0)
                 	SBCI R23,BYTE4(@0)
                 	.ENDM
                 
                 	.MACRO __SUBD2N
                 	SUBI R26,LOW(@0)
                 	SBCI R27,HIGH(@0)
                 	SBCI R24,BYTE3(@0)
                 	SBCI R25,BYTE4(@0)
                 	.ENDM
                 
                 	.MACRO __ANDBMNN
                 	LDS  R30,@0+(@1)
                 	ANDI R30,LOW(@2)
                 	STS  @0+(@1),R30
                 	.ENDM
                 
                 	.MACRO __ANDWMNN
                 	LDS  R30,@0+(@1)
                 	ANDI R30,LOW(@2)
                 	STS  @0+(@1),R30
                 	LDS  R30,@0+(@1)+1
                 	ANDI R30,HIGH(@2)
                 	STS  @0+(@1)+1,R30
                 	.ENDM
                 
                 	.MACRO __ANDD1N
                 	ANDI R30,LOW(@0)
                 	ANDI R31,HIGH(@0)
                 	ANDI R22,BYTE3(@0)
                 	ANDI R23,BYTE4(@0)
                 	.ENDM
                 
                 	.MACRO __ANDD2N
                 	ANDI R26,LOW(@0)
                 	ANDI R27,HIGH(@0)
                 	ANDI R24,BYTE3(@0)
                 	ANDI R25,BYTE4(@0)
                 	.ENDM
                 
                 	.MACRO __ORBMNN
                 	LDS  R30,@0+(@1)
                 	ORI  R30,LOW(@2)
                 	STS  @0+(@1),R30
                 	.ENDM
                 
                 	.MACRO __ORWMNN
                 	LDS  R30,@0+(@1)
                 	ORI  R30,LOW(@2)
                 	STS  @0+(@1),R30
                 	LDS  R30,@0+(@1)+1
                 	ORI  R30,HIGH(@2)
                 	STS  @0+(@1)+1,R30
                 	.ENDM
                 
                 	.MACRO __ORD1N
                 	ORI  R30,LOW(@0)
                 	ORI  R31,HIGH(@0)
                 	ORI  R22,BYTE3(@0)
                 	ORI  R23,BYTE4(@0)
                 	.ENDM
                 
                 	.MACRO __ORD2N
                 	ORI  R26,LOW(@0)
                 	ORI  R27,HIGH(@0)
                 	ORI  R24,BYTE3(@0)
                 	ORI  R25,BYTE4(@0)
                 	.ENDM
                 
                 	.MACRO __DELAY_USB
                 	LDI  R24,LOW(@0)
                 __DELAY_USB_LOOP:
                 	DEC  R24
                 	BRNE __DELAY_USB_LOOP
                 	.ENDM
                 
                 	.MACRO __DELAY_USW
                 	LDI  R24,LOW(@0)
                 	LDI  R25,HIGH(@0)
                 __DELAY_USW_LOOP:
                 	SBIW R24,1
                 	BRNE __DELAY_USW_LOOP
                 	.ENDM
                 
                 	.MACRO __GETD1S
                 	LDD  R30,Y+@0
                 	LDD  R31,Y+@0+1
                 	LDD  R22,Y+@0+2
                 	LDD  R23,Y+@0+3
                 	.ENDM
                 
                 	.MACRO __GETD2S
                 	LDD  R26,Y+@0
                 	LDD  R27,Y+@0+1
                 	LDD  R24,Y+@0+2
                 	LDD  R25,Y+@0+3
                 	.ENDM
                 
                 	.MACRO __PUTD1S
                 	STD  Y+@0,R30
                 	STD  Y+@0+1,R31
                 	STD  Y+@0+2,R22
                 	STD  Y+@0+3,R23
                 	.ENDM
                 
                 	.MACRO __PUTD2S
                 	STD  Y+@0,R26
                 	STD  Y+@0+1,R27
                 	STD  Y+@0+2,R24
                 	STD  Y+@0+3,R25
                 	.ENDM
                 
                 	.MACRO __PUTDZ2
                 	STD  Z+@0,R26
                 	STD  Z+@0+1,R27
                 	STD  Z+@0+2,R24
                 	STD  Z+@0+3,R25
                 	.ENDM
                 
                 	.MACRO __CLRD1S
                 	STD  Y+@0,R30
                 	STD  Y+@0+1,R30
                 	STD  Y+@0+2,R30
                 	STD  Y+@0+3,R30
                 	.ENDM
                 
                 	.MACRO __POINTB1MN
                 	LDI  R30,LOW(@0+(@1))
                 	.ENDM
                 
                 	.MACRO __POINTW1MN
                 	LDI  R30,LOW(@0+(@1))
                 	LDI  R31,HIGH(@0+(@1))
                 	.ENDM
                 
                 	.MACRO __POINTD1M
                 	LDI  R30,LOW(@0)
                 	LDI  R31,HIGH(@0)
                 	LDI  R22,BYTE3(@0)
                 	LDI  R23,BYTE4(@0)
                 	.ENDM
                 
                 	.MACRO __POINTW1FN
                 	LDI  R30,LOW(2*@0+(@1))
                 	LDI  R31,HIGH(2*@0+(@1))
                 	.ENDM
                 
                 	.MACRO __POINTD1FN
                 	LDI  R30,LOW(2*@0+(@1))
                 	LDI  R31,HIGH(2*@0+(@1))
                 	LDI  R22,BYTE3(2*@0+(@1))
                 	LDI  R23,BYTE4(2*@0+(@1))
                 	.ENDM
                 
                 	.MACRO __POINTB2MN
                 	LDI  R26,LOW(@0+(@1))
                 	.ENDM
                 
                 	.MACRO __POINTW2MN
                 	LDI  R26,LOW(@0+(@1))
                 	LDI  R27,HIGH(@0+(@1))
                 	.ENDM
                 
                 	.MACRO __POINTW2FN
                 	LDI  R26,LOW(2*@0+(@1))
                 	LDI  R27,HIGH(2*@0+(@1))
                 	.ENDM
                 
                 	.MACRO __POINTD2FN
                 	LDI  R26,LOW(2*@0+(@1))
                 	LDI  R27,HIGH(2*@0+(@1))
                 	LDI  R24,BYTE3(2*@0+(@1))
                 	LDI  R25,BYTE4(2*@0+(@1))
                 	.ENDM
                 
                 	.MACRO __POINTBRM
                 	LDI  R@0,LOW(@1)
                 	.ENDM
                 
                 	.MACRO __POINTWRM
                 	LDI  R@0,LOW(@2)
                 	LDI  R@1,HIGH(@2)
                 	.ENDM
                 
                 	.MACRO __POINTBRMN
                 	LDI  R@0,LOW(@1+(@2))
                 	.ENDM
                 
                 	.MACRO __POINTWRMN
                 	LDI  R@0,LOW(@2+(@3))
                 	LDI  R@1,HIGH(@2+(@3))
                 	.ENDM
                 
                 	.MACRO __POINTWRFN
                 	LDI  R@0,LOW(@2*2+(@3))
                 	LDI  R@1,HIGH(@2*2+(@3))
                 	.ENDM
                 
                 	.MACRO __GETD1N
                 	LDI  R30,LOW(@0)
                 	LDI  R31,HIGH(@0)
                 	LDI  R22,BYTE3(@0)
                 	LDI  R23,BYTE4(@0)
                 	.ENDM
                 
                 	.MACRO __GETD2N
                 	LDI  R26,LOW(@0)
                 	LDI  R27,HIGH(@0)
                 	LDI  R24,BYTE3(@0)
                 	LDI  R25,BYTE4(@0)
                 	.ENDM
                 
                 	.MACRO __GETB1MN
                 	LDS  R30,@0+(@1)
                 	.ENDM
                 
                 	.MACRO __GETB1HMN
                 	LDS  R31,@0+(@1)
                 	.ENDM
                 
                 	.MACRO __GETW1MN
                 	LDS  R30,@0+(@1)
                 	LDS  R31,@0+(@1)+1
                 	.ENDM
                 
                 	.MACRO __GETD1MN
                 	LDS  R30,@0+(@1)
                 	LDS  R31,@0+(@1)+1
                 	LDS  R22,@0+(@1)+2
                 	LDS  R23,@0+(@1)+3
                 	.ENDM
                 
                 	.MACRO __GETBRMN
                 	LDS  R@0,@1+(@2)
                 	.ENDM
                 
                 	.MACRO __GETWRMN
                 	LDS  R@0,@2+(@3)
                 	LDS  R@1,@2+(@3)+1
                 	.ENDM
                 
                 	.MACRO __GETWRZ
                 	LDD  R@0,Z+@2
                 	LDD  R@1,Z+@2+1
                 	.ENDM
                 
                 	.MACRO __GETD2Z
                 	LDD  R26,Z+@0
                 	LDD  R27,Z+@0+1
                 	LDD  R24,Z+@0+2
                 	LDD  R25,Z+@0+3
                 	.ENDM
                 
                 	.MACRO __GETB2MN
                 	LDS  R26,@0+(@1)
                 	.ENDM
                 
                 	.MACRO __GETW2MN
                 	LDS  R26,@0+(@1)
                 	LDS  R27,@0+(@1)+1
                 	.ENDM
                 
                 	.MACRO __GETD2MN
                 	LDS  R26,@0+(@1)
                 	LDS  R27,@0+(@1)+1
                 	LDS  R24,@0+(@1)+2
                 	LDS  R25,@0+(@1)+3
                 	.ENDM
                 
                 	.MACRO __PUTB1MN
                 	STS  @0+(@1),R30
                 	.ENDM
                 
                 	.MACRO __PUTW1MN
                 	STS  @0+(@1),R30
                 	STS  @0+(@1)+1,R31
                 	.ENDM
                 
                 	.MACRO __PUTD1MN
                 	STS  @0+(@1),R30
                 	STS  @0+(@1)+1,R31
                 	STS  @0+(@1)+2,R22
                 	STS  @0+(@1)+3,R23
                 	.ENDM
                 
                 	.MACRO __PUTB1EN
                 	LDI  R26,LOW(@0+(@1))
                 	LDI  R27,HIGH(@0+(@1))
                 	CALL __EEPROMWRB
                 	.ENDM
                 
                 	.MACRO __PUTW1EN
                 	LDI  R26,LOW(@0+(@1))
                 	LDI  R27,HIGH(@0+(@1))
                 	CALL __EEPROMWRW
                 	.ENDM
                 
                 	.MACRO __PUTD1EN
                 	LDI  R26,LOW(@0+(@1))
                 	LDI  R27,HIGH(@0+(@1))
                 	CALL __EEPROMWRD
                 	.ENDM
                 
                 	.MACRO __PUTBR0MN
                 	STS  @0+(@1),R0
                 	.ENDM
                 
                 	.MACRO __PUTBMRN
                 	STS  @0+(@1),R@2
                 	.ENDM
                 
                 	.MACRO __PUTWMRN
                 	STS  @0+(@1),R@2
                 	STS  @0+(@1)+1,R@3
                 	.ENDM
                 
                 	.MACRO __PUTBZR
                 	STD  Z+@1,R@0
                 	.ENDM
                 
                 	.MACRO __PUTWZR
                 	STD  Z+@2,R@0
                 	STD  Z+@2+1,R@1
                 	.ENDM
                 
                 	.MACRO __GETW1R
                 	MOV  R30,R@0
                 	MOV  R31,R@1
                 	.ENDM
                 
                 	.MACRO __GETW2R
                 	MOV  R26,R@0
                 	MOV  R27,R@1
                 	.ENDM
                 
                 	.MACRO __GETWRN
                 	LDI  R@0,LOW(@2)
                 	LDI  R@1,HIGH(@2)
                 	.ENDM
                 
                 	.MACRO __PUTW1R
                 	MOV  R@0,R30
                 	MOV  R@1,R31
                 	.ENDM
                 
                 	.MACRO __PUTW2R
                 	MOV  R@0,R26
                 	MOV  R@1,R27
                 	.ENDM
                 
                 	.MACRO __ADDWRN
                 	SUBI R@0,LOW(-@2)
                 	SBCI R@1,HIGH(-@2)
                 	.ENDM
                 
                 	.MACRO __ADDWRR
                 	ADD  R@0,R@2
                 	ADC  R@1,R@3
                 	.ENDM
                 
                 	.MACRO __SUBWRN
                 	SUBI R@0,LOW(@2)
                 	SBCI R@1,HIGH(@2)
                 	.ENDM
                 
                 	.MACRO __SUBWRR
                 	SUB  R@0,R@2
                 	SBC  R@1,R@3
                 	.ENDM
                 
                 	.MACRO __ANDWRN
                 	ANDI R@0,LOW(@2)
                 	ANDI R@1,HIGH(@2)
                 	.ENDM
                 
                 	.MACRO __ANDWRR
                 	AND  R@0,R@2
                 	AND  R@1,R@3
                 	.ENDM
                 
                 	.MACRO __ORWRN
                 	ORI  R@0,LOW(@2)
                 	ORI  R@1,HIGH(@2)
                 	.ENDM
                 
                 	.MACRO __ORWRR
                 	OR   R@0,R@2
                 	OR   R@1,R@3
                 	.ENDM
                 
                 	.MACRO __EORWRR
                 	EOR  R@0,R@2
                 	EOR  R@1,R@3
                 	.ENDM
                 
                 	.MACRO __GETWRS
                 	LDD  R@0,Y+@2
                 	LDD  R@1,Y+@2+1
                 	.ENDM
                 
                 	.MACRO __PUTBSR
                 	STD  Y+@1,R@0
                 	.ENDM
                 
                 	.MACRO __PUTWSR
                 	STD  Y+@2,R@0
                 	STD  Y+@2+1,R@1
                 	.ENDM
                 
                 	.MACRO __MOVEWRR
                 	MOV  R@0,R@2
                 	MOV  R@1,R@3
                 	.ENDM
                 
                 	.MACRO __INWR
                 	IN   R@0,@2
                 	IN   R@1,@2+1
                 	.ENDM
                 
                 	.MACRO __OUTWR
                 	OUT  @2+1,R@1
                 	OUT  @2,R@0
                 	.ENDM
                 
                 	.MACRO __CALL1MN
                 	LDS  R30,@0+(@1)
                 	LDS  R31,@0+(@1)+1
                 	ICALL
                 	.ENDM
                 
                 	.MACRO __CALL1FN
                 	LDI  R30,LOW(2*@0+(@1))
                 	LDI  R31,HIGH(2*@0+(@1))
                 	CALL __GETW1PF
                 	ICALL
                 	.ENDM
                 
                 	.MACRO __CALL2EN
                 	PUSH R26
                 	PUSH R27
                 	LDI  R26,LOW(@0+(@1))
                 	LDI  R27,HIGH(@0+(@1))
                 	CALL __EEPROMRDW
                 	POP  R27
                 	POP  R26
                 	ICALL
                 	.ENDM
                 
                 	.MACRO __CALL2EX
                 	SUBI R26,LOW(-@0)
                 	SBCI R27,HIGH(-@0)
                 	CALL __EEPROMRDD
                 	ICALL
                 	.ENDM
                 
                 	.MACRO __GETW1STACK
                 	IN   R30,SPL
                 	IN   R31,SPH
                 	ADIW R30,@0+1
                 	LD   R0,Z+
                 	LD   R31,Z
                 	MOV  R30,R0
                 	.ENDM
                 
                 	.MACRO __GETD1STACK
                 	IN   R30,SPL
                 	IN   R31,SPH
                 	ADIW R30,@0+1
                 	LD   R0,Z+
                 	LD   R1,Z+
                 	LD   R22,Z
                 	MOVW R30,R0
                 	.ENDM
                 
                 	.MACRO __NBST
                 	BST  R@0,@1
                 	IN   R30,SREG
                 	LDI  R31,0x40
                 	EOR  R30,R31
                 	OUT  SREG,R30
                 	.ENDM
                 
                 
                 	.MACRO __PUTB1SN
                 	LDD  R26,Y+@0
                 	LDD  R27,Y+@0+1
                 	SUBI R26,LOW(-@1)
                 	SBCI R27,HIGH(-@1)
                 	ST   X,R30
                 	.ENDM
                 
                 	.MACRO __PUTW1SN
                 	LDD  R26,Y+@0
                 	LDD  R27,Y+@0+1
                 	SUBI R26,LOW(-@1)
                 	SBCI R27,HIGH(-@1)
                 	ST   X+,R30
                 	ST   X,R31
                 	.ENDM
                 
                 	.MACRO __PUTD1SN
                 	LDD  R26,Y+@0
                 	LDD  R27,Y+@0+1
                 	SUBI R26,LOW(-@1)
                 	SBCI R27,HIGH(-@1)
                 	CALL __PUTDP1
                 	.ENDM
                 
                 	.MACRO __PUTB1SNS
                 	LDD  R26,Y+@0
                 	LDD  R27,Y+@0+1
                 	ADIW R26,@1
                 	ST   X,R30
                 	.ENDM
                 
                 	.MACRO __PUTW1SNS
                 	LDD  R26,Y+@0
                 	LDD  R27,Y+@0+1
                 	ADIW R26,@1
                 	ST   X+,R30
                 	ST   X,R31
                 	.ENDM
                 
                 	.MACRO __PUTD1SNS
                 	LDD  R26,Y+@0
                 	LDD  R27,Y+@0+1
                 	ADIW R26,@1
                 	CALL __PUTDP1
                 	.ENDM
                 
                 	.MACRO __PUTB1PMN
                 	LDS  R26,@0
                 	LDS  R27,@0+1
                 	SUBI R26,LOW(-@1)
                 	SBCI R27,HIGH(-@1)
                 	ST   X,R30
                 	.ENDM
                 
                 	.MACRO __PUTW1PMN
                 	LDS  R26,@0
                 	LDS  R27,@0+1
                 	SUBI R26,LOW(-@1)
                 	SBCI R27,HIGH(-@1)
                 	ST   X+,R30
                 	ST   X,R31
                 	.ENDM
                 
                 	.MACRO __PUTD1PMN
                 	LDS  R26,@0
                 	LDS  R27,@0+1
                 	SUBI R26,LOW(-@1)
                 	SBCI R27,HIGH(-@1)
                 	CALL __PUTDP1
                 	.ENDM
                 
                 	.MACRO __PUTB1PMNS
                 	LDS  R26,@0
                 	LDS  R27,@0+1
                 	ADIW R26,@1
                 	ST   X,R30
                 	.ENDM
                 
                 	.MACRO __PUTW1PMNS
                 	LDS  R26,@0
                 	LDS  R27,@0+1
                 	ADIW R26,@1
                 	ST   X+,R30
                 	ST   X,R31
                 	.ENDM
                 
                 	.MACRO __PUTD1PMNS
                 	LDS  R26,@0
                 	LDS  R27,@0+1
                 	ADIW R26,@1
                 	CALL __PUTDP1
                 	.ENDM
                 
                 	.MACRO __PUTB1RN
                 	MOVW R26,R@0
                 	SUBI R26,LOW(-@1)
                 	SBCI R27,HIGH(-@1)
                 	ST   X,R30
                 	.ENDM
                 
                 	.MACRO __PUTW1RN
                 	MOVW R26,R@0
                 	SUBI R26,LOW(-@1)
                 	SBCI R27,HIGH(-@1)
                 	ST   X+,R30
                 	ST   X,R31
                 	.ENDM
                 
                 	.MACRO __PUTD1RN
                 	MOVW R26,R@0
                 	SUBI R26,LOW(-@1)
                 	SBCI R27,HIGH(-@1)
                 	CALL __PUTDP1
                 	.ENDM
                 
                 	.MACRO __PUTB1RNS
                 	MOVW R26,R@0
                 	ADIW R26,@1
                 	ST   X,R30
                 	.ENDM
                 
                 	.MACRO __PUTW1RNS
                 	MOVW R26,R@0
                 	ADIW R26,@1
                 	ST   X+,R30
                 	ST   X,R31
                 	.ENDM
                 
                 	.MACRO __PUTD1RNS
                 	MOVW R26,R@0
                 	ADIW R26,@1
                 	CALL __PUTDP1
                 	.ENDM
                 
                 	.MACRO __PUTB1RON
                 	MOV  R26,R@0
                 	MOV  R27,R@1
                 	SUBI R26,LOW(-@2)
                 	SBCI R27,HIGH(-@2)
                 	ST   X,R30
                 	.ENDM
                 
                 	.MACRO __PUTW1RON
                 	MOV  R26,R@0
                 	MOV  R27,R@1
                 	SUBI R26,LOW(-@2)
                 	SBCI R27,HIGH(-@2)
                 	ST   X+,R30
                 	ST   X,R31
                 	.ENDM
                 
                 	.MACRO __PUTD1RON
                 	MOV  R26,R@0
                 	MOV  R27,R@1
                 	SUBI R26,LOW(-@2)
                 	SBCI R27,HIGH(-@2)
                 	CALL __PUTDP1
                 	.ENDM
                 
                 	.MACRO __PUTB1RONS
                 	MOV  R26,R@0
                 	MOV  R27,R@1
                 	ADIW R26,@2
                 	ST   X,R30
                 	.ENDM
                 
                 	.MACRO __PUTW1RONS
                 	MOV  R26,R@0
                 	MOV  R27,R@1
                 	ADIW R26,@2
                 	ST   X+,R30
                 	ST   X,R31
                 	.ENDM
                 
                 	.MACRO __PUTD1RONS
                 	MOV  R26,R@0
                 	MOV  R27,R@1
                 	ADIW R26,@2
                 	CALL __PUTDP1
                 	.ENDM
                 
                 
                 	.MACRO __GETB1SX
                 	MOVW R30,R28
                 	SUBI R30,LOW(-@0)
                 	SBCI R31,HIGH(-@0)
                 	LD   R30,Z
                 	.ENDM
                 
                 	.MACRO __GETB1HSX
                 	MOVW R30,R28
                 	SUBI R30,LOW(-@0)
                 	SBCI R31,HIGH(-@0)
                 	LD   R31,Z
                 	.ENDM
                 
                 	.MACRO __GETW1SX
                 	MOVW R30,R28
                 	SUBI R30,LOW(-@0)
                 	SBCI R31,HIGH(-@0)
                 	LD   R0,Z+
                 	LD   R31,Z
                 	MOV  R30,R0
                 	.ENDM
                 
                 	.MACRO __GETD1SX
                 	MOVW R30,R28
                 	SUBI R30,LOW(-@0)
                 	SBCI R31,HIGH(-@0)
                 	LD   R0,Z+
                 	LD   R1,Z+
                 	LD   R22,Z+
                 	LD   R23,Z
                 	MOVW R30,R0
                 	.ENDM
                 
                 	.MACRO __GETB2SX
                 	MOVW R26,R28
                 	SUBI R26,LOW(-@0)
                 	SBCI R27,HIGH(-@0)
                 	LD   R26,X
                 	.ENDM
                 
                 	.MACRO __GETW2SX
                 	MOVW R26,R28
                 	SUBI R26,LOW(-@0)
                 	SBCI R27,HIGH(-@0)
                 	LD   R0,X+
                 	LD   R27,X
                 	MOV  R26,R0
                 	.ENDM
                 
                 	.MACRO __GETD2SX
                 	MOVW R26,R28
                 	SUBI R26,LOW(-@0)
                 	SBCI R27,HIGH(-@0)
                 	LD   R0,X+
                 	LD   R1,X+
                 	LD   R24,X+
                 	LD   R25,X
                 	MOVW R26,R0
                 	.ENDM
                 
                 	.MACRO __GETBRSX
                 	MOVW R30,R28
                 	SUBI R30,LOW(-@1)
                 	SBCI R31,HIGH(-@1)
                 	LD   R@0,Z
                 	.ENDM
                 
                 	.MACRO __GETWRSX
                 	MOVW R30,R28
                 	SUBI R30,LOW(-@2)
                 	SBCI R31,HIGH(-@2)
                 	LD   R@0,Z+
                 	LD   R@1,Z
                 	.ENDM
                 
                 	.MACRO __GETBRSX2
                 	MOVW R26,R28
                 	SUBI R26,LOW(-@1)
                 	SBCI R27,HIGH(-@1)
                 	LD   R@0,X
                 	.ENDM
                 
                 	.MACRO __GETWRSX2
                 	MOVW R26,R28
                 	SUBI R26,LOW(-@2)
                 	SBCI R27,HIGH(-@2)
                 	LD   R@0,X+
                 	LD   R@1,X
                 	.ENDM
                 
                 	.MACRO __LSLW8SX
                 	MOVW R30,R28
                 	SUBI R30,LOW(-@0)
                 	SBCI R31,HIGH(-@0)
                 	LD   R31,Z
                 	CLR  R30
                 	.ENDM
                 
                 	.MACRO __PUTB1SX
                 	MOVW R26,R28
                 	SUBI R26,LOW(-@0)
                 	SBCI R27,HIGH(-@0)
                 	ST   X,R30
                 	.ENDM
                 
                 	.MACRO __PUTW1SX
                 	MOVW R26,R28
                 	SUBI R26,LOW(-@0)
                 	SBCI R27,HIGH(-@0)
                 	ST   X+,R30
                 	ST   X,R31
                 	.ENDM
                 
                 	.MACRO __PUTD1SX
                 	MOVW R26,R28
                 	SUBI R26,LOW(-@0)
                 	SBCI R27,HIGH(-@0)
                 	ST   X+,R30
                 	ST   X+,R31
                 	ST   X+,R22
                 	ST   X,R23
                 	.ENDM
                 
                 	.MACRO __CLRW1SX
                 	MOVW R26,R28
                 	SUBI R26,LOW(-@0)
                 	SBCI R27,HIGH(-@0)
                 	ST   X+,R30
                 	ST   X,R30
                 	.ENDM
                 
                 	.MACRO __CLRD1SX
                 	MOVW R26,R28
                 	SUBI R26,LOW(-@0)
                 	SBCI R27,HIGH(-@0)
                 	ST   X+,R30
                 	ST   X+,R30
                 	ST   X+,R30
                 	ST   X,R30
                 	.ENDM
                 
                 	.MACRO __PUTB2SX
                 	MOVW R30,R28
                 	SUBI R30,LOW(-@0)
                 	SBCI R31,HIGH(-@0)
                 	ST   Z,R26
                 	.ENDM
                 
                 	.MACRO __PUTW2SX
                 	MOVW R30,R28
                 	SUBI R30,LOW(-@0)
                 	SBCI R31,HIGH(-@0)
                 	ST   Z+,R26
                 	ST   Z,R27
                 	.ENDM
                 
                 	.MACRO __PUTD2SX
                 	MOVW R30,R28
                 	SUBI R30,LOW(-@0)
                 	SBCI R31,HIGH(-@0)
                 	ST   Z+,R26
                 	ST   Z+,R27
                 	ST   Z+,R24
                 	ST   Z,R25
                 	.ENDM
                 
                 	.MACRO __PUTBSRX
                 	MOVW R30,R28
                 	SUBI R30,LOW(-@1)
                 	SBCI R31,HIGH(-@1)
                 	ST   Z,R@0
                 	.ENDM
                 
                 	.MACRO __PUTWSRX
                 	MOVW R30,R28
                 	SUBI R30,LOW(-@2)
                 	SBCI R31,HIGH(-@2)
                 	ST   Z+,R@0
                 	ST   Z,R@1
                 	.ENDM
                 
                 	.MACRO __PUTB1SNX
                 	MOVW R26,R28
                 	SUBI R26,LOW(-@0)
                 	SBCI R27,HIGH(-@0)
                 	LD   R0,X+
                 	LD   R27,X
                 	MOV  R26,R0
                 	SUBI R26,LOW(-@1)
                 	SBCI R27,HIGH(-@1)
                 	ST   X,R30
                 	.ENDM
                 
                 	.MACRO __PUTW1SNX
                 	MOVW R26,R28
                 	SUBI R26,LOW(-@0)
                 	SBCI R27,HIGH(-@0)
                 	LD   R0,X+
                 	LD   R27,X
                 	MOV  R26,R0
                 	SUBI R26,LOW(-@1)
                 	SBCI R27,HIGH(-@1)
                 	ST   X+,R30
                 	ST   X,R31
                 	.ENDM
                 
                 	.MACRO __PUTD1SNX
                 	MOVW R26,R28
                 	SUBI R26,LOW(-@0)
                 	SBCI R27,HIGH(-@0)
                 	LD   R0,X+
                 	LD   R27,X
                 	MOV  R26,R0
                 	SUBI R26,LOW(-@1)
                 	SBCI R27,HIGH(-@1)
                 	ST   X+,R30
                 	ST   X+,R31
                 	ST   X+,R22
                 	ST   X,R23
                 	.ENDM
                 
                 	.MACRO __MULBRR
                 	MULS R@0,R@1
                 	MOVW R30,R0
                 	.ENDM
                 
                 	.MACRO __MULBRRU
                 	MUL  R@0,R@1
                 	MOVW R30,R0
                 	.ENDM
                 
                 	.MACRO __MULBRR0
                 	MULS R@0,R@1
                 	.ENDM
                 
                 	.MACRO __MULBRRU0
                 	MUL  R@0,R@1
                 	.ENDM
                 
                 	.MACRO __MULBNWRU
                 	LDI  R26,@2
                 	MUL  R26,R@0
                 	MOVW R30,R0
                 	MUL  R26,R@1
                 	ADD  R31,R0
                 	.ENDM
                 
                 ;NAME DEFINITIONS FOR GLOBAL VARIABLES ALLOCATED TO REGISTERS
                 	.DEF _floor=R4
                 	.DEF _floor_msb=R5
                 	.DEF _target=R6
                 	.DEF _target_msb=R7
                 
                 	.CSEG
                 	.ORG 0x00
                 
                 ;START OF CODE MARKER
                 __START_OF_CODE:
                 
                 ;INTERRUPT VECTORS
000000 940c 0032 	JMP  __RESET
000002 940c 0000 	JMP  0x00
000004 940c 0000 	JMP  0x00
000006 940c 0000 	JMP  0x00
000008 940c 0000 	JMP  0x00
00000a 940c 0000 	JMP  0x00
00000c 940c 0000 	JMP  0x00
00000e 940c 0000 	JMP  0x00
000010 940c 0000 	JMP  0x00
000012 940c 0000 	JMP  0x00
000014 940c 0000 	JMP  0x00
000016 940c 005f 	JMP  _timer0_ovf_isr
000018 940c 0000 	JMP  0x00
00001a 940c 0000 	JMP  0x00
00001c 940c 0000 	JMP  0x00
00001e 940c 0000 	JMP  0x00
000020 940c 0000 	JMP  0x00
000022 940c 0000 	JMP  0x00
000024 940c 0000 	JMP  0x00
000026 940c 0000 	JMP  0x00
000028 940c 0000 	JMP  0x00
                 
                 _digit:
00002a 5b06
00002b 664f
00002c 7d6d      	.DB  0x6,0x5B,0x4F,0x66,0x6D,0x7D
                 
                 ;GLOBAL REGISTER VARIABLES INITIALIZATION
                 __REG_VARS:
00002d 0000      	.DB  0x0,0x0
                 
                 
                 __GLOBAL_INI_TBL:
00002e 0002      	.DW  0x02
00002f 0004      	.DW  0x04
000030 005a      	.DW  __REG_VARS*2
                 
                 _0xFFFFFFFF:
000031 0000      	.DW  0
                 
                 #define __GLOBAL_INI_TBL_PRESENT 1
                 
                 __RESET:
000032 94f8      	CLI
000033 27ee      	CLR  R30
000034 bbec      	OUT  EECR,R30
                 
                 ;INTERRUPT VECTORS ARE PLACED
                 ;AT THE START OF FLASH
000035 e0f1      	LDI  R31,1
000036 bffb      	OUT  GICR,R31
000037 bfeb      	OUT  GICR,R30
000038 bfe5      	OUT  MCUCR,R30
                 
                 ;CLEAR R2-R14
000039 e08d      	LDI  R24,(14-2)+1
00003a e0a2      	LDI  R26,2
00003b 27bb      	CLR  R27
                 __CLEAR_REG:
00003c 93ed      	ST   X+,R30
00003d 958a      	DEC  R24
00003e f7e9      	BRNE __CLEAR_REG
                 
                 ;CLEAR SRAM
00003f e080      	LDI  R24,LOW(__CLEAR_SRAM_SIZE)
000040 e098      	LDI  R25,HIGH(__CLEAR_SRAM_SIZE)
000041 e6a0      	LDI  R26,__SRAM_START
                 __CLEAR_SRAM:
000042 93ed      	ST   X+,R30
000043 9701      	SBIW R24,1
000044 f7e9      	BRNE __CLEAR_SRAM
                 
                 ;GLOBAL VARIABLES INITIALIZATION
000045 e5ec      	LDI  R30,LOW(__GLOBAL_INI_TBL*2)
000046 e0f0      	LDI  R31,HIGH(__GLOBAL_INI_TBL*2)
                 __GLOBAL_INI_NEXT:
000047 9185      	LPM  R24,Z+
000048 9195      	LPM  R25,Z+
000049 9700      	SBIW R24,0
00004a f061      	BREQ __GLOBAL_INI_END
00004b 91a5      	LPM  R26,Z+
00004c 91b5      	LPM  R27,Z+
00004d 9005      	LPM  R0,Z+
00004e 9015      	LPM  R1,Z+
00004f 01bf      	MOVW R22,R30
000050 01f0      	MOVW R30,R0
                 __GLOBAL_INI_LOOP:
000051 9005      	LPM  R0,Z+
000052 920d      	ST   X+,R0
000053 9701      	SBIW R24,1
000054 f7e1      	BRNE __GLOBAL_INI_LOOP
000055 01fb      	MOVW R30,R22
000056 cff0      	RJMP __GLOBAL_INI_NEXT
                 __GLOBAL_INI_END:
                 
                 ;HARDWARE STACK POINTER INITIALIZATION
000057 e5ef      	LDI  R30,LOW(__SRAM_END-__HEAP_SIZE)
000058 bfed      	OUT  SPL,R30
000059 e0e8      	LDI  R30,HIGH(__SRAM_END-__HEAP_SIZE)
00005a bfee      	OUT  SPH,R30
                 
                 ;DATA STACK POINTER INITIALIZATION
00005b e6c0      	LDI  R28,LOW(__SRAM_START+__DSTACK_SIZE)
00005c e0d2      	LDI  R29,HIGH(__SRAM_START+__DSTACK_SIZE)
                 
00005d 940c 009a 	JMP  _main
                 
                 	.ESEG
                 	.ORG 0
                 
                 	.DSEG
                 	.ORG 0x260
                 
                 	.CSEG
                 ;/*******************************************************
                 ;This program was created by the
                 ;CodeWizardAVR V3.12 Advanced
                 ;Automatic Program Generator
                 ;© Copyright 1998-2014 Pavel Haiduc, HP InfoTech s.r.l.
                 ;http://www.hpinfotech.com
                 ;
                 ;Project :
                 ;Version :
                 ;Date    : 28/06/2021
                 ;Author  :
                 ;Company :
                 ;Comments:
                 ;
                 ;
                 ;Chip type               : ATmega32
                 ;Program type            : Application
                 ;AVR Core Clock frequency: 1/000000 MHz
                 ;Memory model            : Small
                 ;External RAM size       : 0
                 ;Data Stack size         : 512
                 ;*******************************************************/
                 ;
                 ;#include <mega32.h>
                 	#ifndef __SLEEP_DEFINED__
                 	#define __SLEEP_DEFINED__
                 	.EQU __se_bit=0x80
                 	.EQU __sm_mask=0x70
                 	.EQU __sm_powerdown=0x20
                 	.EQU __sm_powersave=0x30
                 	.EQU __sm_standby=0x60
                 	.EQU __sm_ext_standby=0x70
                 	.EQU __sm_adc_noise_red=0x10
                 	.SET power_ctrl_reg=mcucr
                 	#endif
                 ;#include <delay.h>
                 ;// Declare your global variables here
                 ;flash unsigned char digit[6]={0b00000110,  //digit 1
                 ;                              0b01011011,  //digit 2
                 ;                              0b01001111,  //digit 3
                 ;                              0b01100110,  //digit 4
                 ;                              0b01101101,  //digit 5
                 ;                              0b01111101,  //digit 6
                 ;                              };
                 ;int floor=0;
                 ;int target;
                 ;void opendoor();
                 ;// Timer 0 overflow interrupt service routine
                 ;interrupt [TIM0_OVF] void timer0_ovf_isr(void)
                 ; 0000 0027 {
                 
                 	.CSEG
                 _timer0_ovf_isr:
                 ; .FSTART _timer0_ovf_isr
00005f 93ea      	ST   -Y,R30
000060 93fa      	ST   -Y,R31
000061 b7ef      	IN   R30,SREG
000062 93ea      	ST   -Y,R30
                 ; 0000 0028 // Reinitialize Timer 0 value
                 ; 0000 0029 TCNT0=0x83;
000063 e8e3      	LDI  R30,LOW(131)
000064 bfe2      	OUT  0x32,R30
                 ; 0000 002A // Place your code here
                 ; 0000 002B if (PINA.0==0) target=0;
000065 99c8      	SBIC 0x19,0
000066 c002      	RJMP _0x3
000067 2466      	CLR  R6
000068 2477      	CLR  R7
                 ; 0000 002C if (PINA.1==0) target=1;
                 _0x3:
000069 99c9      	SBIC 0x19,1
00006a c003      	RJMP _0x4
00006b e0e1      	LDI  R30,LOW(1)
00006c e0f0      	LDI  R31,HIGH(1)
00006d 013f      	MOVW R6,R30
                 ; 0000 002D if (PINA.2==0) target=2;
                 _0x4:
00006e 99ca      	SBIC 0x19,2
00006f c003      	RJMP _0x5
000070 e0e2      	LDI  R30,LOW(2)
000071 e0f0      	LDI  R31,HIGH(2)
000072 013f      	MOVW R6,R30
                 ; 0000 002E if (PINA.3==0) target=3;
                 _0x5:
000073 99cb      	SBIC 0x19,3
000074 c003      	RJMP _0x6
000075 e0e3      	LDI  R30,LOW(3)
000076 e0f0      	LDI  R31,HIGH(3)
000077 013f      	MOVW R6,R30
                 ; 0000 002F if (PINA.4==0) target=4;
                 _0x6:
000078 99cc      	SBIC 0x19,4
000079 c003      	RJMP _0x7
00007a e0e4      	LDI  R30,LOW(4)
00007b e0f0      	LDI  R31,HIGH(4)
00007c 013f      	MOVW R6,R30
                 ; 0000 0030 if (PINB.0==0) target=0;
                 _0x7:
00007d 99b0      	SBIC 0x16,0
00007e c002      	RJMP _0x8
00007f 2466      	CLR  R6
000080 2477      	CLR  R7
                 ; 0000 0031 if (PINB.1==0) target=1;
                 _0x8:
000081 99b1      	SBIC 0x16,1
000082 c003      	RJMP _0x9
000083 e0e1      	LDI  R30,LOW(1)
000084 e0f0      	LDI  R31,HIGH(1)
000085 013f      	MOVW R6,R30
                 ; 0000 0032 if (PINB.2==0) target=2;
                 _0x9:
000086 99b2      	SBIC 0x16,2
000087 c003      	RJMP _0xA
000088 e0e2      	LDI  R30,LOW(2)
000089 e0f0      	LDI  R31,HIGH(2)
00008a 013f      	MOVW R6,R30
                 ; 0000 0033 if (PINB.3==0) target=3;
                 _0xA:
00008b 99b3      	SBIC 0x16,3
00008c c003      	RJMP _0xB
00008d e0e3      	LDI  R30,LOW(3)
00008e e0f0      	LDI  R31,HIGH(3)
00008f 013f      	MOVW R6,R30
                 ; 0000 0034 if (PINB.4==0) target=4;
                 _0xB:
000090 99b4      	SBIC 0x16,4
000091 c003      	RJMP _0xC
000092 e0e4      	LDI  R30,LOW(4)
000093 e0f0      	LDI  R31,HIGH(4)
000094 013f      	MOVW R6,R30
                 ; 0000 0035 }
                 _0xC:
000095 91e9      	LD   R30,Y+
000096 bfef      	OUT  SREG,R30
000097 91f9      	LD   R31,Y+
000098 91e9      	LD   R30,Y+
000099 9518      	RETI
                 ; .FEND
                 ;
                 ;void main(void)
                 ; 0000 0038 {
                 _main:
                 ; .FSTART _main
                 ; 0000 0039 // Declare your local variables here
                 ; 0000 003A 
                 ; 0000 003B // Input/Output Ports initialization
                 ; 0000 003C // Port A initialization
                 ; 0000 003D // Function: Bit7=In Bit6=In Bit5=In Bit4=In Bit3=In Bit2=In Bit1=In Bit0=In
                 ; 0000 003E DDRA=(0<<DDA7) | (0<<DDA6) | (0<<DDA5) | (0<<DDA4) | (0<<DDA3) | (0<<DDA2) | (0<<DDA1) | (0<<DDA0);
00009a e0e0      	LDI  R30,LOW(0)
00009b bbea      	OUT  0x1A,R30
                 ; 0000 003F // State: Bit7=T Bit6=T Bit5=T Bit4=T Bit3=T Bit2=T Bit1=T Bit0=T
                 ; 0000 0040 PORTA=(0<<PORTA7) | (0<<PORTA6) | (0<<PORTA5) | (0<<PORTA4) | (0<<PORTA3) | (0<<PORTA2) | (0<<PORTA1) | (0<<PORTA0);
00009c bbeb      	OUT  0x1B,R30
                 ; 0000 0041 
                 ; 0000 0042 // Port B initialization
                 ; 0000 0043 // Function: Bit7=In Bit6=In Bit5=In Bit4=In Bit3=In Bit2=In Bit1=In Bit0=In
                 ; 0000 0044 DDRB=(0<<DDB7) | (0<<DDB6) | (0<<DDB5) | (0<<DDB4) | (0<<DDB3) | (0<<DDB2) | (0<<DDB1) | (0<<DDB0);
00009d bbe7      	OUT  0x17,R30
                 ; 0000 0045 // State: Bit7=T Bit6=T Bit5=T Bit4=T Bit3=T Bit2=T Bit1=T Bit0=T
                 ; 0000 0046 PORTB=(0<<PORTB7) | (0<<PORTB6) | (0<<PORTB5) | (0<<PORTB4) | (0<<PORTB3) | (0<<PORTB2) | (0<<PORTB1) | (0<<PORTB0);
00009e bbe8      	OUT  0x18,R30
                 ; 0000 0047 
                 ; 0000 0048 // Port C initialization
                 ; 0000 0049 // Function: Bit7=Out Bit6=Out Bit5=Out Bit4=Out Bit3=Out Bit2=Out Bit1=Out Bit0=Out
                 ; 0000 004A DDRC=(1<<DDC7) | (1<<DDC6) | (1<<DDC5) | (1<<DDC4) | (1<<DDC3) | (1<<DDC2) | (1<<DDC1) | (1<<DDC0);
00009f efef      	LDI  R30,LOW(255)
0000a0 bbe4      	OUT  0x14,R30
                 ; 0000 004B // State: Bit7=0 Bit6=0 Bit5=0 Bit4=0 Bit3=0 Bit2=0 Bit1=0 Bit0=0
                 ; 0000 004C PORTC=(0<<PORTC7) | (0<<PORTC6) | (0<<PORTC5) | (0<<PORTC4) | (0<<PORTC3) | (0<<PORTC2) | (0<<PORTC1) | (0<<PORTC0);
0000a1 e0e0      	LDI  R30,LOW(0)
0000a2 bbe5      	OUT  0x15,R30
                 ; 0000 004D 
                 ; 0000 004E // Port D initialization
                 ; 0000 004F // Function: Bit7=In Bit6=In Bit5=In Bit4=In Bit3=In Bit2=Out Bit1=Out Bit0=Out
                 ; 0000 0050 DDRD=(0<<DDD7) | (0<<DDD6) | (0<<DDD5) | (0<<DDD4) | (0<<DDD3) | (1<<DDD2) | (1<<DDD1) | (1<<DDD0);
0000a3 e0e7      	LDI  R30,LOW(7)
0000a4 bbe1      	OUT  0x11,R30
                 ; 0000 0051 // State: Bit7=T Bit6=T Bit5=T Bit4=T Bit3=T Bit2=0 Bit1=0 Bit0=0
                 ; 0000 0052 PORTD=(0<<PORTD7) | (0<<PORTD6) | (0<<PORTD5) | (0<<PORTD4) | (0<<PORTD3) | (0<<PORTD2) | (0<<PORTD1) | (0<<PORTD0);
0000a5 e0e0      	LDI  R30,LOW(0)
0000a6 bbe2      	OUT  0x12,R30
                 ; 0000 0053 
                 ; 0000 0054 // Timer/Counter 0 initialization
                 ; 0000 0055 // Clock source: System Clock
                 ; 0000 0056 // Clock value: 125/000 kHz
                 ; 0000 0057 // Mode: Normal top=0xFF
                 ; 0000 0058 // OC0 output: Disconnected
                 ; 0000 0059 // Timer Period: 1 ms
                 ; 0000 005A TCCR0=(0<<WGM00) | (0<<COM01) | (0<<COM00) | (0<<WGM01) | (0<<CS02) | (1<<CS01) | (0<<CS00);
0000a7 e0e2      	LDI  R30,LOW(2)
0000a8 bfe3      	OUT  0x33,R30
                 ; 0000 005B TCNT0=0x83;
0000a9 e8e3      	LDI  R30,LOW(131)
0000aa bfe2      	OUT  0x32,R30
                 ; 0000 005C OCR0=0x00;
0000ab e0e0      	LDI  R30,LOW(0)
0000ac bfec      	OUT  0x3C,R30
                 ; 0000 005D 
                 ; 0000 005E // Timer/Counter 1 initialization
                 ; 0000 005F // Clock source: System Clock
                 ; 0000 0060 // Clock value: Timer1 Stopped
                 ; 0000 0061 // Mode: Normal top=0xFFFF
                 ; 0000 0062 // OC1A output: Disconnected
                 ; 0000 0063 // OC1B output: Disconnected
                 ; 0000 0064 // Noise Canceler: Off
                 ; 0000 0065 // Input Capture on Falling Edge
                 ; 0000 0066 // Timer1 Overflow Interrupt: Off
                 ; 0000 0067 // Input Capture Interrupt: Off
                 ; 0000 0068 // Compare A Match Interrupt: Off
                 ; 0000 0069 // Compare B Match Interrupt: Off
                 ; 0000 006A TCCR1A=(0<<COM1A1) | (0<<COM1A0) | (0<<COM1B1) | (0<<COM1B0) | (0<<WGM11) | (0<<WGM10);
0000ad bdef      	OUT  0x2F,R30
                 ; 0000 006B TCCR1B=(0<<ICNC1) | (0<<ICES1) | (0<<WGM13) | (0<<WGM12) | (0<<CS12) | (0<<CS11) | (0<<CS10);
0000ae bdee      	OUT  0x2E,R30
                 ; 0000 006C TCNT1H=0x00;
0000af bded      	OUT  0x2D,R30
                 ; 0000 006D TCNT1L=0x00;
0000b0 bdec      	OUT  0x2C,R30
                 ; 0000 006E ICR1H=0x00;
0000b1 bde7      	OUT  0x27,R30
                 ; 0000 006F ICR1L=0x00;
0000b2 bde6      	OUT  0x26,R30
                 ; 0000 0070 OCR1AH=0x00;
0000b3 bdeb      	OUT  0x2B,R30
                 ; 0000 0071 OCR1AL=0x00;
0000b4 bdea      	OUT  0x2A,R30
                 ; 0000 0072 OCR1BH=0x00;
0000b5 bde9      	OUT  0x29,R30
                 ; 0000 0073 OCR1BL=0x00;
0000b6 bde8      	OUT  0x28,R30
                 ; 0000 0074 
                 ; 0000 0075 // Timer/Counter 2 initialization
                 ; 0000 0076 // Clock source: System Clock
                 ; 0000 0077 // Clock value: Timer2 Stopped
                 ; 0000 0078 // Mode: Normal top=0xFF
                 ; 0000 0079 // OC2 output: Disconnected
                 ; 0000 007A ASSR=0<<AS2;
0000b7 bde2      	OUT  0x22,R30
                 ; 0000 007B TCCR2=(0<<PWM2) | (0<<COM21) | (0<<COM20) | (0<<CTC2) | (0<<CS22) | (0<<CS21) | (0<<CS20);
0000b8 bde5      	OUT  0x25,R30
                 ; 0000 007C TCNT2=0x00;
0000b9 bde4      	OUT  0x24,R30
                 ; 0000 007D OCR2=0x00;
0000ba bde3      	OUT  0x23,R30
                 ; 0000 007E 
                 ; 0000 007F // Timer(s)/Counter(s) Interrupt(s) initialization
                 ; 0000 0080 TIMSK=(0<<OCIE2) | (0<<TOIE2) | (0<<TICIE1) | (0<<OCIE1A) | (0<<OCIE1B) | (0<<TOIE1) | (0<<OCIE0) | (1<<TOIE0);
0000bb e0e1      	LDI  R30,LOW(1)
0000bc bfe9      	OUT  0x39,R30
                 ; 0000 0081 
                 ; 0000 0082 // External Interrupt(s) initialization
                 ; 0000 0083 // INT0: Off
                 ; 0000 0084 // INT1: Off
                 ; 0000 0085 // INT2: Off
                 ; 0000 0086 MCUCR=(0<<ISC11) | (0<<ISC10) | (0<<ISC01) | (0<<ISC00);
0000bd e0e0      	LDI  R30,LOW(0)
0000be bfe5      	OUT  0x35,R30
                 ; 0000 0087 MCUCSR=(0<<ISC2);
0000bf bfe4      	OUT  0x34,R30
                 ; 0000 0088 
                 ; 0000 0089 // USART initialization
                 ; 0000 008A // USART disabled
                 ; 0000 008B UCSRB=(0<<RXCIE) | (0<<TXCIE) | (0<<UDRIE) | (0<<RXEN) | (0<<TXEN) | (0<<UCSZ2) | (0<<RXB8) | (0<<TXB8);
0000c0 b9ea      	OUT  0xA,R30
                 ; 0000 008C 
                 ; 0000 008D // Analog Comparator initialization
                 ; 0000 008E // Analog Comparator: Off
                 ; 0000 008F // The Analog Comparator's positive input is
                 ; 0000 0090 // connected to the AIN0 pin
                 ; 0000 0091 // The Analog Comparator's negative input is
                 ; 0000 0092 // connected to the AIN1 pin
                 ; 0000 0093 ACSR=(1<<ACD) | (0<<ACBG) | (0<<ACO) | (0<<ACI) | (0<<ACIE) | (0<<ACIC) | (0<<ACIS1) | (0<<ACIS0);
0000c1 e8e0      	LDI  R30,LOW(128)
0000c2 b9e8      	OUT  0x8,R30
                 ; 0000 0094 SFIOR=(0<<ACME);
0000c3 e0e0      	LDI  R30,LOW(0)
0000c4 bfe0      	OUT  0x30,R30
                 ; 0000 0095 
                 ; 0000 0096 // ADC initialization
                 ; 0000 0097 // ADC disabled
                 ; 0000 0098 ADCSRA=(0<<ADEN) | (0<<ADSC) | (0<<ADATE) | (0<<ADIF) | (0<<ADIE) | (0<<ADPS2) | (0<<ADPS1) | (0<<ADPS0);
0000c5 b9e6      	OUT  0x6,R30
                 ; 0000 0099 
                 ; 0000 009A // SPI initialization
                 ; 0000 009B // SPI disabled
                 ; 0000 009C SPCR=(0<<SPIE) | (0<<SPE) | (0<<DORD) | (0<<MSTR) | (0<<CPOL) | (0<<CPHA) | (0<<SPR1) | (0<<SPR0);
0000c6 b9ed      	OUT  0xD,R30
                 ; 0000 009D 
                 ; 0000 009E // TWI initialization
                 ; 0000 009F // TWI disabled
                 ; 0000 00A0 TWCR=(0<<TWEA) | (0<<TWSTA) | (0<<TWSTO) | (0<<TWEN) | (0<<TWIE);
0000c7 bfe6      	OUT  0x36,R30
                 ; 0000 00A1 
                 ; 0000 00A2 // Global enable interrupts
                 ; 0000 00A3 #asm("sei")
0000c8 9478      	sei
                 ; 0000 00A4 
                 ; 0000 00A5 while (1)
                 _0xD:
                 ; 0000 00A6       {
                 ; 0000 00A7       // Place your code here
                 ; 0000 00A8       while (target==0)
                 _0x10:
0000c9 2c06      	MOV  R0,R6
0000ca 2807      	OR   R0,R7
0000cb f469      	BRNE _0x12
                 ; 0000 00A9          {
                 ; 0000 00AA           if(floor>target){
                +
0000cc 1464     +CP R6 , R4
0000cd 0475     +CPC R7 , R5
                 	__CPWRR 6,7,4,5
0000ce f42c      	BRGE _0x13
                 ; 0000 00AB             while(floor>target)
                 _0x14:
                +
0000cf 1464     +CP R6 , R4
0000d0 0475     +CPC R7 , R5
                 	__CPWRR 6,7,4,5
0000d1 f414      	BRGE _0x16
                 ; 0000 00AC             {
                 ; 0000 00AD             floor--;
0000d2 d070      	RCALL SUBOPT_0x0
                 ; 0000 00AE             PORTC=digit[floor];
                 ; 0000 00AF             delay_ms(1000);
                 ; 0000 00B0             }
0000d3 cffb      	RJMP _0x14
                 _0x16:
                 ; 0000 00B1           }
                 ; 0000 00B2           if(floor==target)
                 _0x13:
                +
0000d4 1464     +CP R6 , R4
0000d5 0475     +CPC R7 , R5
                 	__CPWRR 6,7,4,5
0000d6 f409      	BRNE _0x17
                 ; 0000 00B3           {
                 ; 0000 00B4            opendoor();
0000d7 d076      	RCALL SUBOPT_0x1
                 ; 0000 00B5            PORTC=digit[floor];
                 ; 0000 00B6            delay_ms(1000);
                 ; 0000 00B7           }
                 ; 0000 00B8          }
                 _0x17:
0000d8 cff0      	RJMP _0x10
                 _0x12:
                 ; 0000 00B9       while (target==1)
                 _0x18:
0000d9 e0e1      	LDI  R30,LOW(1)
0000da e0f0      	LDI  R31,HIGH(1)
0000db 15e6      	CP   R30,R6
0000dc 05f7      	CPC  R31,R7
0000dd f4a9      	BRNE _0x1A
                 ; 0000 00BA          {
                 ; 0000 00BB           if(floor>target){
                +
0000de 1464     +CP R6 , R4
0000df 0475     +CPC R7 , R5
                 	__CPWRR 6,7,4,5
0000e0 f42c      	BRGE _0x1B
                 ; 0000 00BC             while(floor>target)
                 _0x1C:
                +
0000e1 1464     +CP R6 , R4
0000e2 0475     +CPC R7 , R5
                 	__CPWRR 6,7,4,5
0000e3 f414      	BRGE _0x1E
                 ; 0000 00BD             {
                 ; 0000 00BE             floor--;
0000e4 d05e      	RCALL SUBOPT_0x0
                 ; 0000 00BF             PORTC=digit[floor];
                 ; 0000 00C0             delay_ms(1000);
                 ; 0000 00C1             }
0000e5 cffb      	RJMP _0x1C
                 _0x1E:
                 ; 0000 00C2           }
                 ; 0000 00C3           if(floor==target)
                 _0x1B:
                +
0000e6 1464     +CP R6 , R4
0000e7 0475     +CPC R7 , R5
                 	__CPWRR 6,7,4,5
0000e8 f409      	BRNE _0x1F
                 ; 0000 00C4           {
                 ; 0000 00C5            opendoor();
0000e9 d064      	RCALL SUBOPT_0x1
                 ; 0000 00C6            PORTC=digit[floor];
                 ; 0000 00C7            delay_ms(1000);
                 ; 0000 00C8           }
                 ; 0000 00C9           if(floor<target){
                 _0x1F:
                +
0000ea 1446     +CP R4 , R6
0000eb 0457     +CPC R5 , R7
                 	__CPWRR 4,5,6,7
0000ec f42c      	BRGE _0x20
                 ; 0000 00CA            while(floor<target)
                 _0x21:
                +
0000ed 1446     +CP R4 , R6
0000ee 0457     +CPC R5 , R7
                 	__CPWRR 4,5,6,7
0000ef f414      	BRGE _0x23
                 ; 0000 00CB            {
                 ; 0000 00CC            floor++;
0000f0 d067      	RCALL SUBOPT_0x2
                 ; 0000 00CD            PORTC=digit[floor];
                 ; 0000 00CE             delay_ms(1000);
                 ; 0000 00CF            }
0000f1 cffb      	RJMP _0x21
                 _0x23:
                 ; 0000 00D0           }
                 ; 0000 00D1          }
                 _0x20:
0000f2 cfe6      	RJMP _0x18
                 _0x1A:
                 ; 0000 00D2       while (target==2)
                 _0x24:
0000f3 e0e2      	LDI  R30,LOW(2)
0000f4 e0f0      	LDI  R31,HIGH(2)
0000f5 15e6      	CP   R30,R6
0000f6 05f7      	CPC  R31,R7
0000f7 f4a9      	BRNE _0x26
                 ; 0000 00D3          {
                 ; 0000 00D4           if(floor>target){
                +
0000f8 1464     +CP R6 , R4
0000f9 0475     +CPC R7 , R5
                 	__CPWRR 6,7,4,5
0000fa f42c      	BRGE _0x27
                 ; 0000 00D5             while(floor>target)
                 _0x28:
                +
0000fb 1464     +CP R6 , R4
0000fc 0475     +CPC R7 , R5
                 	__CPWRR 6,7,4,5
0000fd f414      	BRGE _0x2A
                 ; 0000 00D6             {
                 ; 0000 00D7             floor--;
0000fe d044      	RCALL SUBOPT_0x0
                 ; 0000 00D8             PORTC=digit[floor];
                 ; 0000 00D9             delay_ms(1000);
                 ; 0000 00DA             }
0000ff cffb      	RJMP _0x28
                 _0x2A:
                 ; 0000 00DB           }
                 ; 0000 00DC           if(floor==target)
                 _0x27:
                +
000100 1464     +CP R6 , R4
000101 0475     +CPC R7 , R5
                 	__CPWRR 6,7,4,5
000102 f409      	BRNE _0x2B
                 ; 0000 00DD           {
                 ; 0000 00DE            opendoor();
000103 d04a      	RCALL SUBOPT_0x1
                 ; 0000 00DF            PORTC=digit[floor];
                 ; 0000 00E0             delay_ms(1000);
                 ; 0000 00E1           }
                 ; 0000 00E2           if(floor<target){
                 _0x2B:
                +
000104 1446     +CP R4 , R6
000105 0457     +CPC R5 , R7
                 	__CPWRR 4,5,6,7
000106 f42c      	BRGE _0x2C
                 ; 0000 00E3            while(floor<target)
                 _0x2D:
                +
000107 1446     +CP R4 , R6
000108 0457     +CPC R5 , R7
                 	__CPWRR 4,5,6,7
000109 f414      	BRGE _0x2F
                 ; 0000 00E4            {
                 ; 0000 00E5            floor++;
00010a d04d      	RCALL SUBOPT_0x2
                 ; 0000 00E6            PORTC=digit[floor];
                 ; 0000 00E7             delay_ms(1000);
                 ; 0000 00E8            }
00010b cffb      	RJMP _0x2D
                 _0x2F:
                 ; 0000 00E9           }
                 ; 0000 00EA          }
                 _0x2C:
00010c cfe6      	RJMP _0x24
                 _0x26:
                 ; 0000 00EB       while (target==3)
                 _0x30:
00010d e0e3      	LDI  R30,LOW(3)
00010e e0f0      	LDI  R31,HIGH(3)
00010f 15e6      	CP   R30,R6
000110 05f7      	CPC  R31,R7
000111 f4a9      	BRNE _0x32
                 ; 0000 00EC          {
                 ; 0000 00ED           if(floor>target){
                +
000112 1464     +CP R6 , R4
000113 0475     +CPC R7 , R5
                 	__CPWRR 6,7,4,5
000114 f42c      	BRGE _0x33
                 ; 0000 00EE             while(floor>target)
                 _0x34:
                +
000115 1464     +CP R6 , R4
000116 0475     +CPC R7 , R5
                 	__CPWRR 6,7,4,5
000117 f414      	BRGE _0x36
                 ; 0000 00EF             {
                 ; 0000 00F0             floor--;
000118 d02a      	RCALL SUBOPT_0x0
                 ; 0000 00F1             PORTC=digit[floor];
                 ; 0000 00F2             delay_ms(1000);
                 ; 0000 00F3             }
000119 cffb      	RJMP _0x34
                 _0x36:
                 ; 0000 00F4           }
                 ; 0000 00F5           if(floor==target)
                 _0x33:
                +
00011a 1464     +CP R6 , R4
00011b 0475     +CPC R7 , R5
                 	__CPWRR 6,7,4,5
00011c f409      	BRNE _0x37
                 ; 0000 00F6           {
                 ; 0000 00F7            opendoor();
00011d d030      	RCALL SUBOPT_0x1
                 ; 0000 00F8            PORTC=digit[floor];
                 ; 0000 00F9             delay_ms(1000);
                 ; 0000 00FA           }
                 ; 0000 00FB           if(floor<target){
                 _0x37:
                +
00011e 1446     +CP R4 , R6
00011f 0457     +CPC R5 , R7
                 	__CPWRR 4,5,6,7
000120 f42c      	BRGE _0x38
                 ; 0000 00FC            while(floor<target)
                 _0x39:
                +
000121 1446     +CP R4 , R6
000122 0457     +CPC R5 , R7
                 	__CPWRR 4,5,6,7
000123 f414      	BRGE _0x3B
                 ; 0000 00FD            {
                 ; 0000 00FE            floor++;
000124 d033      	RCALL SUBOPT_0x2
                 ; 0000 00FF            PORTC=digit[floor];
                 ; 0000 0100             delay_ms(1000);
                 ; 0000 0101            }
000125 cffb      	RJMP _0x39
                 _0x3B:
                 ; 0000 0102           }
                 ; 0000 0103          }
                 _0x38:
000126 cfe6      	RJMP _0x30
                 _0x32:
                 ; 0000 0104       while (target==4)
                 _0x3C:
000127 e0e4      	LDI  R30,LOW(4)
000128 e0f0      	LDI  R31,HIGH(4)
000129 15e6      	CP   R30,R6
00012a 05f7      	CPC  R31,R7
00012b f469      	BRNE _0x3E
                 ; 0000 0105          {
                 ; 0000 0106           if(floor==target)
                +
00012c 1464     +CP R6 , R4
00012d 0475     +CPC R7 , R5
                 	__CPWRR 6,7,4,5
00012e f409      	BRNE _0x3F
                 ; 0000 0107           {
                 ; 0000 0108            opendoor();
00012f d01e      	RCALL SUBOPT_0x1
                 ; 0000 0109            PORTC=digit[floor];
                 ; 0000 010A             delay_ms(1000);
                 ; 0000 010B           }
                 ; 0000 010C           if(floor<target){
                 _0x3F:
                +
000130 1446     +CP R4 , R6
000131 0457     +CPC R5 , R7
                 	__CPWRR 4,5,6,7
000132 f42c      	BRGE _0x40
                 ; 0000 010D            while(floor<target)
                 _0x41:
                +
000133 1446     +CP R4 , R6
000134 0457     +CPC R5 , R7
                 	__CPWRR 4,5,6,7
000135 f414      	BRGE _0x43
                 ; 0000 010E            {
                 ; 0000 010F            floor++;
000136 d021      	RCALL SUBOPT_0x2
                 ; 0000 0110            PORTC=digit[floor];
                 ; 0000 0111             delay_ms(1000);
                 ; 0000 0112            }
000137 cffb      	RJMP _0x41
                 _0x43:
                 ; 0000 0113           }
                 ; 0000 0114          }
                 _0x40:
000138 cfee      	RJMP _0x3C
                 _0x3E:
                 ; 0000 0115       }
000139 cf8f      	RJMP _0xD
                 ; 0000 0116 }
                 _0x44:
00013a cfff      	RJMP _0x44
                 ; .FEND
                 ;void opendoor()
                 ; 0000 0118 {
                 _opendoor:
                 ; .FSTART _opendoor
                 ; 0000 0119   PORTD.0=1;
00013b 9a90      	SBI  0x12,0
                 ; 0000 011A   PORTD.1=0;
00013c 9891      	CBI  0x12,1
                 ; 0000 011B   delay_ms(2000);
00013d eda0      	LDI  R26,LOW(2000)
00013e e0b7      	LDI  R27,HIGH(2000)
00013f 940e 0163 	CALL _delay_ms
                 ; 0000 011C   PORTD.0=0;
000141 9890      	CBI  0x12,0
                 ; 0000 011D }
000142 9508      	RET
                 ; .FEND
                 
                 	.CSEG
                 ;OPTIMIZER ADDED SUBROUTINE, CALLED 4 TIMES, CODE SIZE REDUCTION:27 WORDS
                 SUBOPT_0x0:
000143 01f2      	MOVW R30,R4
000144 9731      	SBIW R30,1
000145 012f      	MOVW R4,R30
000146 5aec      	SUBI R30,LOW(-_digit*2)
000147 4fff      	SBCI R31,HIGH(-_digit*2)
000148 9004      	LPM  R0,Z
000149 ba05      	OUT  0x15,R0
00014a eea8      	LDI  R26,LOW(1000)
00014b e0b3      	LDI  R27,HIGH(1000)
00014c 940c 0163 	JMP  _delay_ms
                 
                 ;OPTIMIZER ADDED SUBROUTINE, CALLED 5 TIMES, CODE SIZE REDUCTION:33 WORDS
                 SUBOPT_0x1:
00014e dfec      	RCALL _opendoor
00014f 01f2      	MOVW R30,R4
000150 5aec      	SUBI R30,LOW(-_digit*2)
000151 4fff      	SBCI R31,HIGH(-_digit*2)
000152 9004      	LPM  R0,Z
000153 ba05      	OUT  0x15,R0
000154 eea8      	LDI  R26,LOW(1000)
000155 e0b3      	LDI  R27,HIGH(1000)
000156 940c 0163 	JMP  _delay_ms
                 
                 ;OPTIMIZER ADDED SUBROUTINE, CALLED 4 TIMES, CODE SIZE REDUCTION:27 WORDS
                 SUBOPT_0x2:
000158 01f2      	MOVW R30,R4
000159 9631      	ADIW R30,1
00015a 012f      	MOVW R4,R30
00015b 5aec      	SUBI R30,LOW(-_digit*2)
00015c 4fff      	SBCI R31,HIGH(-_digit*2)
00015d 9004      	LPM  R0,Z
00015e ba05      	OUT  0x15,R0
00015f eea8      	LDI  R26,LOW(1000)
000160 e0b3      	LDI  R27,HIGH(1000)
000161 940c 0163 	JMP  _delay_ms
                 
                 
                 	.CSEG
                 _delay_ms:
000163 9610      	adiw r26,0
000164 f039      	breq __delay_ms1
                 __delay_ms0:
                +
000165 ef8a     +LDI R24 , LOW ( 0xFA )
000166 e090     +LDI R25 , HIGH ( 0xFA )
                +__DELAY_USW_LOOP :
000167 9701     +SBIW R24 , 1
000168 f7f1     +BRNE __DELAY_USW_LOOP
                 	__DELAY_USW 0xFA
000169 95a8      	wdr
00016a 9711      	sbiw r26,1
00016b f7c9      	brne __delay_ms0
                 __delay_ms1:
00016c 9508      	ret
                 
                 ;END OF CODE MARKER
                 __END_OF_CODE:


RESOURCE USE INFORMATION
------------------------

Notice:
The register and instruction counts are symbol table hit counts,
and hence implicitly used resources are not counted, eg, the
'lpm' instruction without operands implicitly uses r0 and z,
none of which are counted.

x,y,z are separate entities in the symbol table and are
counted separately from r26..r31 here.

.dseg memory usage only counts static data declared with .byte

ATmega32 register use summary:
r0 :  12 r1 :   1 r2 :   0 r3 :   0 r4 :  26 r5 :  21 r6 :  36 r7 :  28 
r8 :   0 r9 :   0 r10:   0 r11:   0 r12:   0 r13:   0 r14:   0 r15:   0 
r16:   0 r17:   0 r18:   0 r19:   0 r20:   0 r21:   0 r22:   2 r23:   0 
r24:   9 r25:   3 r26:   9 r27:   6 r28:   1 r29:   1 r30: 102 r31:  24 
x  :   3 y  :   6 z  :  10 
Registers used: 18 out of 35 (51.4%)

ATmega32 instruction use summary:
.lds  :   0 .lds.l:   0 .sts  :   0 .sts.l:   0 adc   :   0 add   :   0 
adiw  :   2 and   :   0 andi  :   0 asr   :   0 bclr  :   0 bld   :   0 
brbc  :   0 brbs  :   0 brcc  :   0 brcs  :   0 break :   0 breq  :   2 
brge  :  16 brhc  :   0 brhs  :   0 brid  :   0 brie  :   0 brlo  :   0 
brlt  :   0 brmi  :   0 brne  :  15 brpl  :   0 brsh  :   0 brtc  :   0 
brts  :   0 brvc  :   0 brvs  :   0 bset  :   0 bst   :   0 call  :   1 
cbi   :   2 cbr   :   0 clc   :   0 clh   :   0 cli   :   1 cln   :   0 
clr   :   6 cls   :   0 clt   :   0 clv   :   0 clz   :   0 com   :   0 
cp    :  25 cpc   :  25 cpi   :   0 cpse  :   0 dec   :   1 des   :   0 
eor   :   0 fmul  :   0 fmuls :   0 fmulsu:   0 icall :   0 ijmp  :   0 
in    :   1 inc   :   0 jmp   :  25 ld    :   3 ldd   :   0 ldi   :  59 
lds   :   0 lpm   :  13 lsl   :   0 lsr   :   0 mov   :   1 movw  :  16 
mul   :   0 muls  :   0 mulsu :   0 neg   :   0 nop   :   0 or    :   1 
ori   :   0 out   :  45 pop   :   0 push  :   0 rcall :  14 ret   :   2 
reti  :   1 rjmp  :  26 rol   :   0 ror   :   0 sbc   :   0 sbci  :   3 
sbi   :   1 sbic  :  10 sbis  :   0 sbiw  :   6 sbr   :   0 sbrc  :   0 
sbrs  :   0 sec   :   0 seh   :   0 sei   :   1 sen   :   0 ser   :   0 
ses   :   0 set   :   0 sev   :   0 sez   :   0 sleep :   0 spm   :   0 
st    :   6 std   :   0 sts   :   0 sub   :   0 subi  :   3 swap  :   0 
tst   :   0 wdr   :   1 
Instructions used: 32 out of 116 (27.6%)

ATmega32 memory use summary [bytes]:
Segment   Begin    End      Code   Data   Used    Size   Use%
---------------------------------------------------------------
[.cseg] 0x000000 0x0002da    714     16    730   32768   2.2%
[.dseg] 0x000060 0x000260      0      0      0    2048   0.0%
[.eseg] 0x000000 0x000000      0      0      0    1024   0.0%

Assembly complete, 0 errors, 4 warnings
